<?xml version="1.0" encoding="utf-8"?>
<coverage line-rate="0.8034" branch-rate="0.75" version="1.9" timestamp="1765753317" lines-covered="327" lines-valid="407" branches-covered="72" branches-valid="96">
  <sources>
    <source>C:\Users\Mik\source\repos\ElevatorControl\src\Api\</source>
  </sources>
  <packages>
    <package name="Api" line-rate="0.8034" branch-rate="0.75" complexity="143">
      <classes>
        <class name="Program" filename="Program.cs" line-rate="0" branch-rate="0" complexity="6">
          <methods>
            <method name="&lt;Main&gt;$" signature="(System.String[])" line-rate="0" branch-rate="0" complexity="6">
              <lines>
                <line number="9" hits="0" branch="False" />
                <line number="12" hits="0" branch="False" />
                <line number="14" hits="0" branch="True" condition-coverage="0% (0/2)">
                  <conditions>
                    <condition number="32" type="jump" coverage="0%" />
                  </conditions>
                </line>
                <line number="15" hits="0" branch="False" />
                <line number="17" hits="0" branch="True" condition-coverage="0% (0/2)">
                  <conditions>
                    <condition number="46" type="jump" coverage="0%" />
                  </conditions>
                </line>
                <line number="18" hits="0" branch="False" />
                <line number="20" hits="0" branch="False" />
                <line number="21" hits="0" branch="False" />
                <line number="25" hits="0" branch="False" />
                <line number="26" hits="0" branch="False" />
                <line number="27" hits="0" branch="False" />
                <line number="28" hits="0" branch="False" />
                <line number="29" hits="0" branch="False" />
                <line number="30" hits="0" branch="False" />
                <line number="31" hits="0" branch="False" />
                <line number="32" hits="0" branch="False" />
                <line number="33" hits="0" branch="False" />
                <line number="36" hits="0" branch="False" />
                <line number="39" hits="0" branch="False" />
                <line number="42" hits="0" branch="False" />
                <line number="43" hits="0" branch="False" />
                <line number="44" hits="0" branch="False" />
                <line number="45" hits="0" branch="False" />
                <line number="48" hits="0" branch="False" />
                <line number="49" hits="0" branch="False" />
                <line number="50" hits="0" branch="False" />
                <line number="52" hits="0" branch="False" />
                <line number="55" hits="0" branch="False" />
                <line number="56" hits="0" branch="False" />
                <line number="59" hits="0" branch="False" />
                <line number="62" hits="0" branch="True" condition-coverage="0% (0/2)">
                  <conditions>
                    <condition number="285" type="jump" coverage="0%" />
                  </conditions>
                </line>
                <line number="63" hits="0" branch="False" />
                <line number="64" hits="0" branch="False" />
                <line number="65" hits="0" branch="False" />
                <line number="66" hits="0" branch="False" />
                <line number="70" hits="0" branch="False" />
                <line number="71" hits="0" branch="False" />
                <line number="73" hits="0" branch="False" />
              </lines>
            </method>
          </methods>
          <lines>
            <line number="9" hits="0" branch="False" />
            <line number="12" hits="0" branch="False" />
            <line number="14" hits="0" branch="True" condition-coverage="0% (0/2)">
              <conditions>
                <condition number="32" type="jump" coverage="0%" />
              </conditions>
            </line>
            <line number="15" hits="0" branch="False" />
            <line number="17" hits="0" branch="True" condition-coverage="0% (0/2)">
              <conditions>
                <condition number="46" type="jump" coverage="0%" />
              </conditions>
            </line>
            <line number="18" hits="0" branch="False" />
            <line number="20" hits="0" branch="False" />
            <line number="21" hits="0" branch="False" />
            <line number="25" hits="0" branch="False" />
            <line number="26" hits="0" branch="False" />
            <line number="27" hits="0" branch="False" />
            <line number="28" hits="0" branch="False" />
            <line number="29" hits="0" branch="False" />
            <line number="30" hits="0" branch="False" />
            <line number="31" hits="0" branch="False" />
            <line number="32" hits="0" branch="False" />
            <line number="33" hits="0" branch="False" />
            <line number="36" hits="0" branch="False" />
            <line number="39" hits="0" branch="False" />
            <line number="42" hits="0" branch="False" />
            <line number="43" hits="0" branch="False" />
            <line number="44" hits="0" branch="False" />
            <line number="45" hits="0" branch="False" />
            <line number="48" hits="0" branch="False" />
            <line number="49" hits="0" branch="False" />
            <line number="50" hits="0" branch="False" />
            <line number="52" hits="0" branch="False" />
            <line number="55" hits="0" branch="False" />
            <line number="56" hits="0" branch="False" />
            <line number="59" hits="0" branch="False" />
            <line number="62" hits="0" branch="True" condition-coverage="0% (0/2)">
              <conditions>
                <condition number="285" type="jump" coverage="0%" />
              </conditions>
            </line>
            <line number="63" hits="0" branch="False" />
            <line number="64" hits="0" branch="False" />
            <line number="65" hits="0" branch="False" />
            <line number="66" hits="0" branch="False" />
            <line number="70" hits="0" branch="False" />
            <line number="71" hits="0" branch="False" />
            <line number="73" hits="0" branch="False" />
          </lines>
        </class>
        <class name="ElevatorControl.Api.Presentation.Models.FloorCallRequest" filename="Presentation\Models\FloorCallRequest.cs" line-rate="1" branch-rate="1" complexity="1">
          <methods>
            <method name="get_Floor" signature="()" line-rate="1" branch-rate="1" complexity="1">
              <lines>
                <line number="5" hits="17" branch="False" />
              </lines>
            </method>
          </methods>
          <lines>
            <line number="5" hits="17" branch="False" />
          </lines>
        </class>
        <class name="ElevatorControl.Api.Presentation.Models.FloorDestinationRequest" filename="Presentation\Models\FloorDestinationRequest.cs" line-rate="1" branch-rate="1" complexity="1">
          <methods>
            <method name="get_Floor" signature="()" line-rate="1" branch-rate="1" complexity="1">
              <lines>
                <line number="3" hits="14" branch="False" />
              </lines>
            </method>
          </methods>
          <lines>
            <line number="3" hits="14" branch="False" />
          </lines>
        </class>
        <class name="ElevatorControl.Api.Presentation.Models.FloorMoveRequest" filename="Presentation\Models\FloorMoveRequest.cs" line-rate="1" branch-rate="1" complexity="1">
          <methods>
            <method name="get_Floor" signature="()" line-rate="1" branch-rate="1" complexity="1">
              <lines>
                <line number="3" hits="18" branch="False" />
              </lines>
            </method>
          </methods>
          <lines>
            <line number="3" hits="18" branch="False" />
          </lines>
        </class>
        <class name="ElevatorControl.Api.Presentation.Endpoints.ElevatorEndpoints" filename="Presentation\ElevatorEndpoints.cs" line-rate="0" branch-rate="1" complexity="1">
          <methods>
            <method name="MapElevatorEndpoints" signature="(Microsoft.AspNetCore.Builder.WebApplication)" line-rate="0" branch-rate="1" complexity="1">
              <lines>
                <line number="13" hits="0" branch="False" />
                <line number="14" hits="0" branch="False" />
                <line number="15" hits="0" branch="False" />
                <line number="16" hits="0" branch="False" />
                <line number="17" hits="0" branch="False" />
                <line number="18" hits="0" branch="False" />
                <line number="20" hits="0" branch="False" />
                <line number="21" hits="0" branch="False" />
                <line number="22" hits="0" branch="False" />
                <line number="23" hits="0" branch="False" />
                <line number="24" hits="0" branch="False" />
                <line number="26" hits="0" branch="False" />
                <line number="27" hits="0" branch="False" />
                <line number="28" hits="0" branch="False" />
                <line number="29" hits="0" branch="False" />
                <line number="30" hits="0" branch="False" />
                <line number="32" hits="0" branch="False" />
                <line number="33" hits="0" branch="False" />
                <line number="34" hits="0" branch="False" />
                <line number="35" hits="0" branch="False" />
                <line number="36" hits="0" branch="False" />
                <line number="38" hits="0" branch="False" />
                <line number="39" hits="0" branch="False" />
                <line number="40" hits="0" branch="False" />
                <line number="41" hits="0" branch="False" />
                <line number="42" hits="0" branch="False" />
                <line number="43" hits="0" branch="False" />
                <line number="45" hits="0" branch="False" />
                <line number="46" hits="0" branch="False" />
                <line number="47" hits="0" branch="False" />
                <line number="48" hits="0" branch="False" />
                <line number="49" hits="0" branch="False" />
                <line number="50" hits="0" branch="False" />
                <line number="52" hits="0" branch="False" />
                <line number="53" hits="0" branch="False" />
                <line number="54" hits="0" branch="False" />
                <line number="55" hits="0" branch="False" />
                <line number="56" hits="0" branch="False" />
                <line number="57" hits="0" branch="False" />
                <line number="59" hits="0" branch="False" />
                <line number="60" hits="0" branch="False" />
              </lines>
            </method>
          </methods>
          <lines>
            <line number="13" hits="0" branch="False" />
            <line number="14" hits="0" branch="False" />
            <line number="15" hits="0" branch="False" />
            <line number="16" hits="0" branch="False" />
            <line number="17" hits="0" branch="False" />
            <line number="18" hits="0" branch="False" />
            <line number="20" hits="0" branch="False" />
            <line number="21" hits="0" branch="False" />
            <line number="22" hits="0" branch="False" />
            <line number="23" hits="0" branch="False" />
            <line number="24" hits="0" branch="False" />
            <line number="26" hits="0" branch="False" />
            <line number="27" hits="0" branch="False" />
            <line number="28" hits="0" branch="False" />
            <line number="29" hits="0" branch="False" />
            <line number="30" hits="0" branch="False" />
            <line number="32" hits="0" branch="False" />
            <line number="33" hits="0" branch="False" />
            <line number="34" hits="0" branch="False" />
            <line number="35" hits="0" branch="False" />
            <line number="36" hits="0" branch="False" />
            <line number="38" hits="0" branch="False" />
            <line number="39" hits="0" branch="False" />
            <line number="40" hits="0" branch="False" />
            <line number="41" hits="0" branch="False" />
            <line number="42" hits="0" branch="False" />
            <line number="43" hits="0" branch="False" />
            <line number="45" hits="0" branch="False" />
            <line number="46" hits="0" branch="False" />
            <line number="47" hits="0" branch="False" />
            <line number="48" hits="0" branch="False" />
            <line number="49" hits="0" branch="False" />
            <line number="50" hits="0" branch="False" />
            <line number="52" hits="0" branch="False" />
            <line number="53" hits="0" branch="False" />
            <line number="54" hits="0" branch="False" />
            <line number="55" hits="0" branch="False" />
            <line number="56" hits="0" branch="False" />
            <line number="57" hits="0" branch="False" />
            <line number="59" hits="0" branch="False" />
            <line number="60" hits="0" branch="False" />
          </lines>
        </class>
        <class name="ElevatorControl.Api.Presentation.Endpoints.ElevatorEndpoints/&lt;&gt;c/&lt;&lt;MapElevatorEndpoints&gt;b__0_2&gt;d" filename="Presentation\ElevatorEndpoints.cs" line-rate="1" branch-rate="0" complexity="2">
          <methods />
          <lines />
        </class>
        <class name="ElevatorControl.Api.Presentation.Endpoints.ElevatorEndpoints/&lt;&gt;c/&lt;&lt;MapElevatorEndpoints&gt;b__0_3&gt;d" filename="Presentation\ElevatorEndpoints.cs" line-rate="1" branch-rate="0" complexity="2">
          <methods />
          <lines />
        </class>
        <class name="ElevatorControl.Api.Presentation.Endpoints.ElevatorEndpoints/&lt;&gt;c/&lt;&lt;MapElevatorEndpoints&gt;b__0_4&gt;d" filename="Presentation\ElevatorEndpoints.cs" line-rate="1" branch-rate="0" complexity="4">
          <methods />
          <lines />
        </class>
        <class name="ElevatorControl.Api.Presentation.Endpoints.ElevatorEndpoints/&lt;&gt;c/&lt;&lt;MapElevatorEndpoints&gt;b__0_5&gt;d" filename="Presentation\ElevatorEndpoints.cs" line-rate="1" branch-rate="0" complexity="4">
          <methods />
          <lines />
        </class>
        <class name="ElevatorControl.Api.Presentation.Endpoints.ElevatorEndpoints/&lt;&gt;c/&lt;&lt;MapElevatorEndpoints&gt;b__0_6&gt;d" filename="Presentation\ElevatorEndpoints.cs" line-rate="1" branch-rate="0" complexity="4">
          <methods />
          <lines />
        </class>
        <class name="ElevatorControl.Api.Infrastructure.Repositories.ElevatorRepository" filename="Infrastructure\Repositories\ElevatorRepository.cs" line-rate="1" branch-rate="1" complexity="4">
          <methods>
            <method name="GetByIdAsync" signature="(System.Int32)" line-rate="1" branch-rate="1" complexity="1">
              <lines>
                <line number="13" hits="2" branch="False" />
                <line number="14" hits="2" branch="False" />
                <line number="15" hits="2" branch="False" />
                <line number="16" hits="2" branch="False" />
              </lines>
            </method>
            <method name="GetAllAsync" signature="()" line-rate="1" branch-rate="1" complexity="1">
              <lines>
                <line number="19" hits="2" branch="False" />
                <line number="20" hits="2" branch="False" />
                <line number="21" hits="2" branch="False" />
              </lines>
            </method>
            <method name="CreateAsync" signature="()" line-rate="1" branch-rate="1" complexity="1">
              <lines>
                <line number="24" hits="107" branch="False" />
                <line number="25" hits="107" branch="False" />
                <line number="26" hits="107" branch="False" />
                <line number="27" hits="107" branch="False" />
                <line number="28" hits="107" branch="False" />
                <line number="29" hits="107" branch="False" />
              </lines>
            </method>
            <method name=".ctor" signature="()" line-rate="1" branch-rate="1" complexity="1">
              <lines>
                <line number="9" hits="7" branch="False" />
                <line number="10" hits="7" branch="False" />
              </lines>
            </method>
          </methods>
          <lines>
            <line number="13" hits="2" branch="False" />
            <line number="14" hits="2" branch="False" />
            <line number="15" hits="2" branch="False" />
            <line number="16" hits="2" branch="False" />
            <line number="19" hits="2" branch="False" />
            <line number="20" hits="2" branch="False" />
            <line number="21" hits="2" branch="False" />
            <line number="24" hits="107" branch="False" />
            <line number="25" hits="107" branch="False" />
            <line number="26" hits="107" branch="False" />
            <line number="27" hits="107" branch="False" />
            <line number="28" hits="107" branch="False" />
            <line number="29" hits="107" branch="False" />
            <line number="9" hits="7" branch="False" />
            <line number="10" hits="7" branch="False" />
          </lines>
        </class>
        <class name="ElevatorControl.Api.Domain.Enums.ElevatorDirectionJsonConverter" filename="Domain\Enums\ElevatorDirectionJsonConverter.cs" line-rate="1" branch-rate="1" complexity="5">
          <methods>
            <method name="Read" signature="(System.Text.Json.Utf8JsonReader&amp;,System.Type,System.Text.Json.JsonSerializerOptions)" line-rate="1" branch-rate="1" complexity="4">
              <lines>
                <line number="13" hits="9" branch="False" />
                <line number="14" hits="9" branch="True" condition-coverage="100% (2/2)">
                  <conditions>
                    <condition number="12" type="jump" coverage="100%" />
                  </conditions>
                </line>
                <line number="15" hits="7" branch="False" />
                <line number="16" hits="7" branch="False" />
                <line number="17" hits="7" branch="True" condition-coverage="100% (2/2)">
                  <conditions>
                    <condition number="24" type="jump" coverage="100%" />
                  </conditions>
                </line>
                <line number="20" hits="2" branch="False" />
                <line number="21" hits="7" branch="False" />
              </lines>
            </method>
            <method name="Write" signature="(System.Text.Json.Utf8JsonWriter,ElevatorControl.Api.Domain.Enums.ElevatorDirection,System.Text.Json.JsonSerializerOptions)" line-rate="1" branch-rate="1" complexity="1">
              <lines>
                <line number="24" hits="5" branch="False" />
                <line number="25" hits="5" branch="False" />
                <line number="26" hits="5" branch="False" />
              </lines>
            </method>
          </methods>
          <lines>
            <line number="13" hits="9" branch="False" />
            <line number="14" hits="9" branch="True" condition-coverage="100% (2/2)">
              <conditions>
                <condition number="12" type="jump" coverage="100%" />
              </conditions>
            </line>
            <line number="15" hits="7" branch="False" />
            <line number="16" hits="7" branch="False" />
            <line number="17" hits="7" branch="True" condition-coverage="100% (2/2)">
              <conditions>
                <condition number="24" type="jump" coverage="100%" />
              </conditions>
            </line>
            <line number="20" hits="2" branch="False" />
            <line number="21" hits="7" branch="False" />
            <line number="24" hits="5" branch="False" />
            <line number="25" hits="5" branch="False" />
            <line number="26" hits="5" branch="False" />
          </lines>
        </class>
        <class name="ElevatorControl.Api.Domain.Entities.Elevator" filename="Domain\Entities\Elevator.cs" line-rate="0.9918" branch-rate="0.96" complexity="55">
          <methods>
            <method name="get_Id" signature="()" line-rate="1" branch-rate="1" complexity="1">
              <lines>
                <line number="13" hits="458" branch="False" />
              </lines>
            </method>
            <method name="get_CurrentFloor" signature="()" line-rate="1" branch-rate="1" complexity="1">
              <lines>
                <line number="14" hits="484" branch="False" />
              </lines>
            </method>
            <method name="get_CurrentDirection" signature="()" line-rate="1" branch-rate="1" complexity="1">
              <lines>
                <line number="19" hits="348" branch="False" />
              </lines>
            </method>
            <method name="get_FloorDestinations" signature="()" line-rate="1" branch-rate="1" complexity="1">
              <lines>
                <line number="23" hits="480" branch="False" />
              </lines>
            </method>
            <method name="get_FloorCalls" signature="()" line-rate="1" branch-rate="1" complexity="1">
              <lines>
                <line number="28" hits="499" branch="False" />
              </lines>
            </method>
            <method name="AddFloorDestination" signature="(System.Int32)" line-rate="1" branch-rate="1" complexity="2">
              <lines>
                <line number="50" hits="53" branch="False" />
                <line number="51" hits="53" branch="False" />
                <line number="52" hits="51" branch="False" />
                <line number="53" hits="51" branch="False" />
                <line number="54" hits="101" branch="True" condition-coverage="100% (2/2)">
                  <conditions>
                    <condition number="50" type="jump" coverage="100%" />
                  </conditions>
                </line>
                <line number="55" hits="51" branch="False" />
                <line number="56" hits="51" branch="False" />
              </lines>
            </method>
            <method name="AddFloorCall" signature="(System.Int32,ElevatorControl.Api.Domain.Enums.ElevatorDirection)" line-rate="1" branch-rate="0.6666" complexity="6">
              <lines>
                <line number="62" hits="53" branch="False" />
                <line number="63" hits="53" branch="False" />
                <line number="64" hits="50" branch="False" />
                <line number="66" hits="45" branch="False" />
                <line number="67" hits="45" branch="False" />
                <line number="68" hits="45" branch="True" condition-coverage="100% (2/2)">
                  <conditions>
                    <condition number="58" type="jump" coverage="100%" />
                  </conditions>
                </line>
                <line number="69" hits="6" branch="False" />
                <line number="71" hits="6" branch="True" condition-coverage="50% (2/4)">
                  <conditions>
                    <condition number="69" type="jump" coverage="50%" />
                    <condition number="84" type="jump" coverage="50%" />
                  </conditions>
                </line>
                <line number="72" hits="6" branch="False" />
                <line number="73" hits="6" branch="False" />
                <line number="74" hits="6" branch="False" />
                <line number="75" hits="6" branch="False" />
                <line number="76" hits="6" branch="False" />
                <line number="78" hits="39" branch="False" />
                <line number="80" hits="39" branch="False" />
                <line number="81" hits="39" branch="False" />
                <line number="82" hits="39" branch="False" />
                <line number="83" hits="39" branch="False" />
                <line number="84" hits="39" branch="False" />
                <line number="85" hits="45" branch="False" />
                <line number="86" hits="45" branch="False" />
              </lines>
            </method>
            <method name="GetNextFloor" signature="()" line-rate="1" branch-rate="1" complexity="10">
              <lines>
                <line number="93" hits="59" branch="False" />
                <line number="94" hits="59" branch="False" />
                <line number="95" hits="59" branch="False" />
                <line number="96" hits="59" branch="False" />
                <line number="97" hits="88" branch="False" />
                <line number="98" hits="59" branch="False" />
                <line number="99" hits="31" branch="False" />
                <line number="100" hits="59" branch="False" />
                <line number="102" hits="59" branch="False" />
                <line number="103" hits="88" branch="False" />
                <line number="104" hits="59" branch="False" />
                <line number="105" hits="17" branch="False" />
                <line number="106" hits="59" branch="False" />
                <line number="109" hits="59" branch="True" condition-coverage="100% (2/2)">
                  <conditions>
                    <condition number="205" type="jump" coverage="100%" />
                  </conditions>
                </line>
                <line number="110" hits="50" branch="False" />
                <line number="111" hits="50" branch="False" />
                <line number="112" hits="83" branch="True" condition-coverage="100% (2/2)">
                  <conditions>
                    <condition number="225" type="jump" coverage="100%" />
                  </conditions>
                </line>
                <line number="115" hits="17" branch="True" condition-coverage="100% (2/2)">
                  <conditions>
                    <condition number="251" type="jump" coverage="100%" />
                  </conditions>
                </line>
                <line number="116" hits="5" branch="False" />
                <line number="117" hits="5" branch="False" />
                <line number="118" hits="5" branch="False" />
                <line number="120" hits="12" branch="False" />
                <line number="122" hits="9" branch="False" />
                <line number="123" hits="9" branch="False" />
                <line number="124" hits="15" branch="True" condition-coverage="100% (2/2)">
                  <conditions>
                    <condition number="298" type="jump" coverage="100%" />
                  </conditions>
                </line>
                <line number="127" hits="3" branch="True" condition-coverage="100% (2/2)">
                  <conditions>
                    <condition number="321" type="jump" coverage="100%" />
                  </conditions>
                </line>
                <line number="128" hits="2" branch="False" />
                <line number="129" hits="2" branch="False" />
                <line number="130" hits="2" branch="False" />
                <line number="132" hits="1" branch="False" />
                <line number="134" hits="13" branch="False" />
                <line number="136" hits="59" branch="False" />
              </lines>
            </method>
            <method name="MoveToFloor" signature="(System.Int32)" line-rate="0.9545" branch-rate="1" complexity="8">
              <lines>
                <line number="142" hits="26" branch="False" />
                <line number="143" hits="26" branch="False" />
                <line number="145" hits="24" branch="True" condition-coverage="100% (2/2)">
                  <conditions>
                    <condition number="25" type="jump" coverage="100%" />
                  </conditions>
                </line>
                <line number="146" hits="0" branch="False" />
                <line number="148" hits="24" branch="False" />
                <line number="149" hits="24" branch="False" />
                <line number="150" hits="24" branch="False" />
                <line number="153" hits="24" branch="True" condition-coverage="100% (2/2)">
                  <conditions>
                    <condition number="60" type="jump" coverage="100%" />
                  </conditions>
                </line>
                <line number="154" hits="24" branch="False" />
                <line number="155" hits="24" branch="False" />
                <line number="158" hits="24" branch="False" />
                <line number="161" hits="24" branch="False" />
                <line number="164" hits="24" branch="False" />
                <line number="166" hits="24" branch="False" />
                <line number="167" hits="24" branch="True" condition-coverage="100% (2/2)">
                  <conditions>
                    <condition number="118" type="jump" coverage="100%" />
                  </conditions>
                </line>
                <line number="168" hits="14" branch="False" />
                <line number="169" hits="14" branch="True" condition-coverage="100% (2/2)">
                  <conditions>
                    <condition number="135" type="jump" coverage="100%" />
                  </conditions>
                </line>
                <line number="170" hits="14" branch="False" />
                <line number="171" hits="14" branch="False" />
                <line number="172" hits="14" branch="False" />
                <line number="173" hits="24" branch="False" />
                <line number="174" hits="24" branch="False" />
              </lines>
            </method>
            <method name="ClearFloorCallInDirection" signature="(System.Int32,ElevatorControl.Api.Domain.Enums.ElevatorDirection)" line-rate="1" branch-rate="1" complexity="10">
              <lines>
                <line number="180" hits="24" branch="False" />
                <line number="181" hits="24" branch="False" />
                <line number="182" hits="24" branch="True" condition-coverage="100% (2/2)">
                  <conditions>
                    <condition number="30" type="jump" coverage="100%" />
                  </conditions>
                </line>
                <line number="183" hits="12" branch="False" />
                <line number="184" hits="12" branch="True" condition-coverage="100% (4/4)">
                  <conditions>
                    <condition number="41" type="jump" coverage="100%" />
                    <condition number="59" type="jump" coverage="100%" />
                  </conditions>
                </line>
                <line number="185" hits="12" branch="False" />
                <line number="186" hits="12" branch="False" />
                <line number="187" hits="12" branch="False" />
                <line number="189" hits="12" branch="True" condition-coverage="100% (4/4)">
                  <conditions>
                    <condition number="82" type="jump" coverage="100%" />
                    <condition number="95" type="jump" coverage="100%" />
                  </conditions>
                </line>
                <line number="190" hits="5" branch="False" />
                <line number="191" hits="5" branch="False" />
                <line number="192" hits="5" branch="False" />
                <line number="194" hits="7" branch="False" />
                <line number="195" hits="7" branch="False" />
                <line number="196" hits="7" branch="False" />
                <line number="197" hits="12" branch="False" />
                <line number="198" hits="24" branch="False" />
              </lines>
            </method>
            <method name="ValidateFloor" signature="(System.Int32,System.String)" line-rate="1" branch-rate="1" complexity="4">
              <lines>
                <line number="204" hits="156" branch="False" />
                <line number="205" hits="156" branch="True" condition-coverage="100% (4/4)">
                  <conditions>
                    <condition number="8" type="jump" coverage="100%" />
                    <condition number="24" type="jump" coverage="100%" />
                  </conditions>
                </line>
                <line number="206" hits="7" branch="False" />
                <line number="207" hits="7" branch="False" />
                <line number="208" hits="149" branch="False" />
              </lines>
            </method>
            <method name="ValidateDirectionForFloor" signature="(System.Int32,ElevatorControl.Api.Domain.Enums.ElevatorDirection)" line-rate="1" branch-rate="1" complexity="8">
              <lines>
                <line number="214" hits="50" branch="False" />
                <line number="215" hits="50" branch="True" condition-coverage="100% (4/4)">
                  <conditions>
                    <condition number="8" type="jump" coverage="100%" />
                    <condition number="19" type="jump" coverage="100%" />
                  </conditions>
                </line>
                <line number="216" hits="3" branch="False" />
                <line number="218" hits="47" branch="True" condition-coverage="100% (4/4)">
                  <conditions>
                    <condition number="96" type="jump" coverage="100%" />
                    <condition number="107" type="jump" coverage="100%" />
                  </conditions>
                </line>
                <line number="219" hits="2" branch="False" />
                <line number="220" hits="45" branch="False" />
              </lines>
            </method>
            <method name=".ctor" signature="(System.Int32,System.Int32)" line-rate="1" branch-rate="1" complexity="2">
              <lines>
                <line number="11" hits="205" branch="False" />
                <line number="35" hits="205" branch="False" />
                <line number="36" hits="205" branch="False" />
                <line number="37" hits="205" branch="True" condition-coverage="100% (2/2)">
                  <conditions>
                    <condition number="57" type="jump" coverage="100%" />
                  </conditions>
                </line>
                <line number="38" hits="2" branch="False" />
                <line number="40" hits="203" branch="False" />
                <line number="41" hits="203" branch="False" />
                <line number="42" hits="203" branch="False" />
              </lines>
            </method>
          </methods>
          <lines>
            <line number="13" hits="458" branch="False" />
            <line number="14" hits="484" branch="False" />
            <line number="19" hits="348" branch="False" />
            <line number="23" hits="480" branch="False" />
            <line number="28" hits="499" branch="False" />
            <line number="50" hits="53" branch="False" />
            <line number="51" hits="53" branch="False" />
            <line number="52" hits="51" branch="False" />
            <line number="53" hits="51" branch="False" />
            <line number="54" hits="101" branch="True" condition-coverage="100% (2/2)">
              <conditions>
                <condition number="50" type="jump" coverage="100%" />
              </conditions>
            </line>
            <line number="55" hits="51" branch="False" />
            <line number="56" hits="51" branch="False" />
            <line number="62" hits="53" branch="False" />
            <line number="63" hits="53" branch="False" />
            <line number="64" hits="50" branch="False" />
            <line number="66" hits="45" branch="False" />
            <line number="67" hits="45" branch="False" />
            <line number="68" hits="45" branch="True" condition-coverage="100% (2/2)">
              <conditions>
                <condition number="58" type="jump" coverage="100%" />
              </conditions>
            </line>
            <line number="69" hits="6" branch="False" />
            <line number="71" hits="6" branch="True" condition-coverage="50% (2/4)">
              <conditions>
                <condition number="69" type="jump" coverage="50%" />
                <condition number="84" type="jump" coverage="50%" />
              </conditions>
            </line>
            <line number="72" hits="6" branch="False" />
            <line number="73" hits="6" branch="False" />
            <line number="74" hits="6" branch="False" />
            <line number="75" hits="6" branch="False" />
            <line number="76" hits="6" branch="False" />
            <line number="78" hits="39" branch="False" />
            <line number="80" hits="39" branch="False" />
            <line number="81" hits="39" branch="False" />
            <line number="82" hits="39" branch="False" />
            <line number="83" hits="39" branch="False" />
            <line number="84" hits="39" branch="False" />
            <line number="85" hits="45" branch="False" />
            <line number="86" hits="45" branch="False" />
            <line number="93" hits="59" branch="False" />
            <line number="94" hits="59" branch="False" />
            <line number="95" hits="59" branch="False" />
            <line number="96" hits="59" branch="False" />
            <line number="97" hits="88" branch="False" />
            <line number="98" hits="59" branch="False" />
            <line number="99" hits="31" branch="False" />
            <line number="100" hits="59" branch="False" />
            <line number="102" hits="59" branch="False" />
            <line number="103" hits="88" branch="False" />
            <line number="104" hits="59" branch="False" />
            <line number="105" hits="17" branch="False" />
            <line number="106" hits="59" branch="False" />
            <line number="109" hits="59" branch="True" condition-coverage="100% (2/2)">
              <conditions>
                <condition number="205" type="jump" coverage="100%" />
              </conditions>
            </line>
            <line number="110" hits="50" branch="False" />
            <line number="111" hits="50" branch="False" />
            <line number="112" hits="83" branch="True" condition-coverage="100% (2/2)">
              <conditions>
                <condition number="225" type="jump" coverage="100%" />
              </conditions>
            </line>
            <line number="115" hits="17" branch="True" condition-coverage="100% (2/2)">
              <conditions>
                <condition number="251" type="jump" coverage="100%" />
              </conditions>
            </line>
            <line number="116" hits="5" branch="False" />
            <line number="117" hits="5" branch="False" />
            <line number="118" hits="5" branch="False" />
            <line number="120" hits="12" branch="False" />
            <line number="122" hits="9" branch="False" />
            <line number="123" hits="9" branch="False" />
            <line number="124" hits="15" branch="True" condition-coverage="100% (2/2)">
              <conditions>
                <condition number="298" type="jump" coverage="100%" />
              </conditions>
            </line>
            <line number="127" hits="3" branch="True" condition-coverage="100% (2/2)">
              <conditions>
                <condition number="321" type="jump" coverage="100%" />
              </conditions>
            </line>
            <line number="128" hits="2" branch="False" />
            <line number="129" hits="2" branch="False" />
            <line number="130" hits="2" branch="False" />
            <line number="132" hits="1" branch="False" />
            <line number="134" hits="13" branch="False" />
            <line number="136" hits="59" branch="False" />
            <line number="142" hits="26" branch="False" />
            <line number="143" hits="26" branch="False" />
            <line number="145" hits="24" branch="True" condition-coverage="100% (2/2)">
              <conditions>
                <condition number="25" type="jump" coverage="100%" />
              </conditions>
            </line>
            <line number="146" hits="0" branch="False" />
            <line number="148" hits="24" branch="False" />
            <line number="149" hits="24" branch="False" />
            <line number="150" hits="24" branch="False" />
            <line number="153" hits="24" branch="True" condition-coverage="100% (2/2)">
              <conditions>
                <condition number="60" type="jump" coverage="100%" />
              </conditions>
            </line>
            <line number="154" hits="24" branch="False" />
            <line number="155" hits="24" branch="False" />
            <line number="158" hits="24" branch="False" />
            <line number="161" hits="24" branch="False" />
            <line number="164" hits="24" branch="False" />
            <line number="166" hits="24" branch="False" />
            <line number="167" hits="24" branch="True" condition-coverage="100% (2/2)">
              <conditions>
                <condition number="118" type="jump" coverage="100%" />
              </conditions>
            </line>
            <line number="168" hits="14" branch="False" />
            <line number="169" hits="14" branch="True" condition-coverage="100% (2/2)">
              <conditions>
                <condition number="135" type="jump" coverage="100%" />
              </conditions>
            </line>
            <line number="170" hits="14" branch="False" />
            <line number="171" hits="14" branch="False" />
            <line number="172" hits="14" branch="False" />
            <line number="173" hits="24" branch="False" />
            <line number="174" hits="24" branch="False" />
            <line number="180" hits="24" branch="False" />
            <line number="181" hits="24" branch="False" />
            <line number="182" hits="24" branch="True" condition-coverage="100% (2/2)">
              <conditions>
                <condition number="30" type="jump" coverage="100%" />
              </conditions>
            </line>
            <line number="183" hits="12" branch="False" />
            <line number="184" hits="12" branch="True" condition-coverage="100% (4/4)">
              <conditions>
                <condition number="41" type="jump" coverage="100%" />
                <condition number="59" type="jump" coverage="100%" />
              </conditions>
            </line>
            <line number="185" hits="12" branch="False" />
            <line number="186" hits="12" branch="False" />
            <line number="187" hits="12" branch="False" />
            <line number="189" hits="12" branch="True" condition-coverage="100% (4/4)">
              <conditions>
                <condition number="82" type="jump" coverage="100%" />
                <condition number="95" type="jump" coverage="100%" />
              </conditions>
            </line>
            <line number="190" hits="5" branch="False" />
            <line number="191" hits="5" branch="False" />
            <line number="192" hits="5" branch="False" />
            <line number="194" hits="7" branch="False" />
            <line number="195" hits="7" branch="False" />
            <line number="196" hits="7" branch="False" />
            <line number="197" hits="12" branch="False" />
            <line number="198" hits="24" branch="False" />
            <line number="204" hits="156" branch="False" />
            <line number="205" hits="156" branch="True" condition-coverage="100% (4/4)">
              <conditions>
                <condition number="8" type="jump" coverage="100%" />
                <condition number="24" type="jump" coverage="100%" />
              </conditions>
            </line>
            <line number="206" hits="7" branch="False" />
            <line number="207" hits="7" branch="False" />
            <line number="208" hits="149" branch="False" />
            <line number="214" hits="50" branch="False" />
            <line number="215" hits="50" branch="True" condition-coverage="100% (4/4)">
              <conditions>
                <condition number="8" type="jump" coverage="100%" />
                <condition number="19" type="jump" coverage="100%" />
              </conditions>
            </line>
            <line number="216" hits="3" branch="False" />
            <line number="218" hits="47" branch="True" condition-coverage="100% (4/4)">
              <conditions>
                <condition number="96" type="jump" coverage="100%" />
                <condition number="107" type="jump" coverage="100%" />
              </conditions>
            </line>
            <line number="219" hits="2" branch="False" />
            <line number="220" hits="45" branch="False" />
            <line number="11" hits="205" branch="False" />
            <line number="35" hits="205" branch="False" />
            <line number="36" hits="205" branch="False" />
            <line number="37" hits="205" branch="True" condition-coverage="100% (2/2)">
              <conditions>
                <condition number="57" type="jump" coverage="100%" />
              </conditions>
            </line>
            <line number="38" hits="2" branch="False" />
            <line number="40" hits="203" branch="False" />
            <line number="41" hits="203" branch="False" />
            <line number="42" hits="203" branch="False" />
          </lines>
        </class>
        <class name="ElevatorControl.Api.Application.Queries.GetFloorDestinationsQuery" filename="Application\Queries\GetFloorDestinationsQuery.cs" line-rate="1" branch-rate="1" complexity="1">
          <methods>
            <method name="get_ElevatorId" signature="()" line-rate="1" branch-rate="1" complexity="1">
              <lines>
                <line number="3" hits="6" branch="False" />
              </lines>
            </method>
          </methods>
          <lines>
            <line number="3" hits="6" branch="False" />
          </lines>
        </class>
        <class name="ElevatorControl.Api.Application.Queries.GetNextFloorQuery" filename="Application\Queries\GetNextFloorQuery.cs" line-rate="1" branch-rate="1" complexity="1">
          <methods>
            <method name="get_ElevatorId" signature="()" line-rate="1" branch-rate="1" complexity="1">
              <lines>
                <line number="3" hits="10" branch="False" />
              </lines>
            </method>
          </methods>
          <lines>
            <line number="3" hits="10" branch="False" />
          </lines>
        </class>
        <class name="ElevatorControl.Api.Application.Mappers.ElevatorMapper" filename="Application\Mappers\ElevatorMapper.cs" line-rate="1" branch-rate="1" complexity="1">
          <methods>
            <method name="ToDto" signature="(ElevatorControl.Api.Domain.Entities.Elevator)" line-rate="1" branch-rate="1" complexity="1">
              <lines>
                <line number="10" hits="9" branch="False" />
                <line number="11" hits="9" branch="False" />
                <line number="12" hits="9" branch="False" />
                <line number="13" hits="9" branch="False" />
                <line number="14" hits="9" branch="False" />
                <line number="15" hits="3" branch="False" />
                <line number="16" hits="4" branch="False" />
                <line number="17" hits="4" branch="False" />
                <line number="18" hits="4" branch="False" />
                <line number="19" hits="4" branch="False" />
                <line number="20" hits="4" branch="False" />
                <line number="21" hits="9" branch="False" />
                <line number="22" hits="9" branch="False" />
              </lines>
            </method>
          </methods>
          <lines>
            <line number="10" hits="9" branch="False" />
            <line number="11" hits="9" branch="False" />
            <line number="12" hits="9" branch="False" />
            <line number="13" hits="9" branch="False" />
            <line number="14" hits="9" branch="False" />
            <line number="15" hits="3" branch="False" />
            <line number="16" hits="4" branch="False" />
            <line number="17" hits="4" branch="False" />
            <line number="18" hits="4" branch="False" />
            <line number="19" hits="4" branch="False" />
            <line number="20" hits="4" branch="False" />
            <line number="21" hits="9" branch="False" />
            <line number="22" hits="9" branch="False" />
          </lines>
        </class>
        <class name="ElevatorControl.Api.Application.Handlers.AddFloorCallCommandHandler" filename="Application\Handlers\AddFloorCallCommandHandler.cs" line-rate="1" branch-rate="1" complexity="1">
          <methods>
            <method name=".ctor" signature="(ElevatorControl.Api.Infrastructure.Repositories.IElevatorRepository,Microsoft.Extensions.Logging.ILogger`1&lt;ElevatorControl.Api.Application.Handlers.AddFloorCallCommandHandler&gt;)" line-rate="1" branch-rate="1" complexity="1">
              <lines>
                <line number="12" hits="5" branch="False" />
                <line number="13" hits="5" branch="False" />
                <line number="14" hits="5" branch="False" />
                <line number="15" hits="5" branch="False" />
                <line number="16" hits="5" branch="False" />
              </lines>
            </method>
          </methods>
          <lines>
            <line number="12" hits="5" branch="False" />
            <line number="13" hits="5" branch="False" />
            <line number="14" hits="5" branch="False" />
            <line number="15" hits="5" branch="False" />
            <line number="16" hits="5" branch="False" />
          </lines>
        </class>
        <class name="ElevatorControl.Api.Application.Handlers.AddFloorCallCommandHandler/&lt;HandleAsync&gt;d__3" filename="Application\Handlers\AddFloorCallCommandHandler.cs" line-rate="1" branch-rate="1" complexity="2">
          <methods>
            <method name="MoveNext" signature="()" line-rate="1" branch-rate="1" complexity="2">
              <lines>
                <line number="19" hits="5" branch="False" />
                <line number="20" hits="5" branch="False" />
                <line number="21" hits="6" branch="True" condition-coverage="100% (2/2)">
                  <conditions>
                    <condition number="169" type="jump" coverage="100%" />
                  </conditions>
                </line>
                <line number="23" hits="4" branch="False" />
                <line number="25" hits="2" branch="False" />
                <line number="26" hits="2" branch="False" />
                <line number="28" hits="2" branch="False" />
                <line number="29" hits="3" branch="False" />
              </lines>
            </method>
          </methods>
          <lines>
            <line number="19" hits="5" branch="False" />
            <line number="20" hits="5" branch="False" />
            <line number="21" hits="6" branch="True" condition-coverage="100% (2/2)">
              <conditions>
                <condition number="169" type="jump" coverage="100%" />
              </conditions>
            </line>
            <line number="23" hits="4" branch="False" />
            <line number="25" hits="2" branch="False" />
            <line number="26" hits="2" branch="False" />
            <line number="28" hits="2" branch="False" />
            <line number="29" hits="3" branch="False" />
          </lines>
        </class>
        <class name="ElevatorControl.Api.Application.Handlers.AddFloorDestinationCommandHandler" filename="Application\Handlers\AddFloorDestinationCommandHandler.cs" line-rate="1" branch-rate="1" complexity="1">
          <methods>
            <method name=".ctor" signature="(ElevatorControl.Api.Infrastructure.Repositories.IElevatorRepository,Microsoft.Extensions.Logging.ILogger`1&lt;ElevatorControl.Api.Application.Handlers.AddFloorDestinationCommandHandler&gt;)" line-rate="1" branch-rate="1" complexity="1">
              <lines>
                <line number="12" hits="3" branch="False" />
                <line number="13" hits="3" branch="False" />
                <line number="14" hits="3" branch="False" />
                <line number="15" hits="3" branch="False" />
                <line number="16" hits="3" branch="False" />
              </lines>
            </method>
          </methods>
          <lines>
            <line number="12" hits="3" branch="False" />
            <line number="13" hits="3" branch="False" />
            <line number="14" hits="3" branch="False" />
            <line number="15" hits="3" branch="False" />
            <line number="16" hits="3" branch="False" />
          </lines>
        </class>
        <class name="ElevatorControl.Api.Application.Handlers.AddFloorDestinationCommandHandler/&lt;HandleAsync&gt;d__3" filename="Application\Handlers\AddFloorDestinationCommandHandler.cs" line-rate="1" branch-rate="1" complexity="2">
          <methods>
            <method name="MoveNext" signature="()" line-rate="1" branch-rate="1" complexity="2">
              <lines>
                <line number="19" hits="3" branch="False" />
                <line number="20" hits="3" branch="False" />
                <line number="21" hits="4" branch="True" condition-coverage="100% (2/2)">
                  <conditions>
                    <condition number="169" type="jump" coverage="100%" />
                  </conditions>
                </line>
                <line number="23" hits="2" branch="False" />
                <line number="25" hits="2" branch="False" />
                <line number="26" hits="2" branch="False" />
                <line number="28" hits="2" branch="False" />
                <line number="29" hits="3" branch="False" />
              </lines>
            </method>
          </methods>
          <lines>
            <line number="19" hits="3" branch="False" />
            <line number="20" hits="3" branch="False" />
            <line number="21" hits="4" branch="True" condition-coverage="100% (2/2)">
              <conditions>
                <condition number="169" type="jump" coverage="100%" />
              </conditions>
            </line>
            <line number="23" hits="2" branch="False" />
            <line number="25" hits="2" branch="False" />
            <line number="26" hits="2" branch="False" />
            <line number="28" hits="2" branch="False" />
            <line number="29" hits="3" branch="False" />
          </lines>
        </class>
        <class name="ElevatorControl.Api.Application.Handlers.CreateElevatorCommandHandler" filename="Application\Handlers\CreateElevatorCommandHandler.cs" line-rate="1" branch-rate="1" complexity="1">
          <methods>
            <method name=".ctor" signature="(ElevatorControl.Api.Infrastructure.Repositories.IElevatorRepository,Microsoft.Extensions.Logging.ILogger`1&lt;ElevatorControl.Api.Application.Handlers.CreateElevatorCommandHandler&gt;)" line-rate="1" branch-rate="1" complexity="1">
              <lines>
                <line number="13" hits="2" branch="False" />
                <line number="14" hits="2" branch="False" />
                <line number="15" hits="2" branch="False" />
                <line number="16" hits="2" branch="False" />
                <line number="17" hits="2" branch="False" />
              </lines>
            </method>
          </methods>
          <lines>
            <line number="13" hits="2" branch="False" />
            <line number="14" hits="2" branch="False" />
            <line number="15" hits="2" branch="False" />
            <line number="16" hits="2" branch="False" />
            <line number="17" hits="2" branch="False" />
          </lines>
        </class>
        <class name="ElevatorControl.Api.Application.Handlers.CreateElevatorCommandHandler/&lt;HandleAsync&gt;d__3" filename="Application\Handlers\CreateElevatorCommandHandler.cs" line-rate="1" branch-rate="1" complexity="1">
          <methods>
            <method name="MoveNext" signature="()" line-rate="1" branch-rate="1" complexity="1">
              <lines>
                <line number="20" hits="2" branch="False" />
                <line number="21" hits="2" branch="False" />
                <line number="23" hits="2" branch="False" />
                <line number="24" hits="2" branch="False" />
                <line number="26" hits="2" branch="False" />
                <line number="27" hits="2" branch="False" />
              </lines>
            </method>
          </methods>
          <lines>
            <line number="20" hits="2" branch="False" />
            <line number="21" hits="2" branch="False" />
            <line number="23" hits="2" branch="False" />
            <line number="24" hits="2" branch="False" />
            <line number="26" hits="2" branch="False" />
            <line number="27" hits="2" branch="False" />
          </lines>
        </class>
        <class name="ElevatorControl.Api.Application.Handlers.GetElevatorsQueryHandler" filename="Application\Handlers\GetElevatorsQueryHandler.cs" line-rate="1" branch-rate="1" complexity="1">
          <methods>
            <method name=".ctor" signature="(ElevatorControl.Api.Infrastructure.Repositories.IElevatorRepository,Microsoft.Extensions.Logging.ILogger`1&lt;ElevatorControl.Api.Application.Handlers.GetElevatorsQueryHandler&gt;)" line-rate="1" branch-rate="1" complexity="1">
              <lines>
                <line number="16" hits="3" branch="False" />
                <line number="17" hits="3" branch="False" />
                <line number="18" hits="3" branch="False" />
                <line number="19" hits="3" branch="False" />
                <line number="20" hits="3" branch="False" />
              </lines>
            </method>
          </methods>
          <lines>
            <line number="16" hits="3" branch="False" />
            <line number="17" hits="3" branch="False" />
            <line number="18" hits="3" branch="False" />
            <line number="19" hits="3" branch="False" />
            <line number="20" hits="3" branch="False" />
          </lines>
        </class>
        <class name="ElevatorControl.Api.Application.Handlers.GetElevatorsQueryHandler/&lt;&gt;c" filename="Application\Handlers\GetElevatorsQueryHandler.cs" line-rate="1" branch-rate="1" complexity="1">
          <methods>
            <method name="&lt;HandleAsync&gt;b__3_0" signature="(ElevatorControl.Api.Domain.Entities.Elevator)" line-rate="1" branch-rate="1" complexity="1">
              <lines>
                <line number="29" hits="6" branch="False" />
              </lines>
            </method>
          </methods>
          <lines>
            <line number="29" hits="6" branch="False" />
          </lines>
        </class>
        <class name="ElevatorControl.Api.Application.Handlers.GetElevatorsQueryHandler/&lt;HandleAsync&gt;d__3" filename="Application\Handlers\GetElevatorsQueryHandler.cs" line-rate="1" branch-rate="1" complexity="1">
          <methods>
            <method name="MoveNext" signature="()" line-rate="1" branch-rate="1" complexity="1">
              <lines>
                <line number="23" hits="3" branch="False" />
                <line number="24" hits="3" branch="False" />
                <line number="25" hits="3" branch="False" />
                <line number="27" hits="3" branch="False" />
                <line number="30" hits="3" branch="False" />
              </lines>
            </method>
          </methods>
          <lines>
            <line number="23" hits="3" branch="False" />
            <line number="24" hits="3" branch="False" />
            <line number="25" hits="3" branch="False" />
            <line number="27" hits="3" branch="False" />
            <line number="30" hits="3" branch="False" />
          </lines>
        </class>
        <class name="ElevatorControl.Api.Application.Handlers.GetFloorDestinationsQueryHandler" filename="Application\Handlers\GetFloorDestinationsQueryHandler.cs" line-rate="1" branch-rate="1" complexity="1">
          <methods>
            <method name=".ctor" signature="(ElevatorControl.Api.Infrastructure.Repositories.IElevatorRepository)" line-rate="1" branch-rate="1" complexity="1">
              <lines>
                <line number="12" hits="3" branch="False" />
                <line number="13" hits="3" branch="False" />
                <line number="14" hits="3" branch="False" />
                <line number="15" hits="3" branch="False" />
              </lines>
            </method>
          </methods>
          <lines>
            <line number="12" hits="3" branch="False" />
            <line number="13" hits="3" branch="False" />
            <line number="14" hits="3" branch="False" />
            <line number="15" hits="3" branch="False" />
          </lines>
        </class>
        <class name="ElevatorControl.Api.Application.Handlers.GetFloorDestinationsQueryHandler/&lt;HandleAsync&gt;d__2" filename="Application\Handlers\GetFloorDestinationsQueryHandler.cs" line-rate="1" branch-rate="1" complexity="2">
          <methods>
            <method name="MoveNext" signature="()" line-rate="1" branch-rate="1" complexity="2">
              <lines>
                <line number="18" hits="3" branch="False" />
                <line number="19" hits="3" branch="False" />
                <line number="20" hits="4" branch="True" condition-coverage="100% (2/2)">
                  <conditions>
                    <condition number="169" type="jump" coverage="100%" />
                  </conditions>
                </line>
                <line number="22" hits="2" branch="False" />
                <line number="23" hits="2" branch="False" />
                <line number="24" hits="2" branch="False" />
                <line number="26" hits="3" branch="False" />
              </lines>
            </method>
          </methods>
          <lines>
            <line number="18" hits="3" branch="False" />
            <line number="19" hits="3" branch="False" />
            <line number="20" hits="4" branch="True" condition-coverage="100% (2/2)">
              <conditions>
                <condition number="169" type="jump" coverage="100%" />
              </conditions>
            </line>
            <line number="22" hits="2" branch="False" />
            <line number="23" hits="2" branch="False" />
            <line number="24" hits="2" branch="False" />
            <line number="26" hits="3" branch="False" />
          </lines>
        </class>
        <class name="ElevatorControl.Api.Application.Handlers.GetNextFloorQueryHandler" filename="Application\Handlers\GetNextFloorQueryHandler.cs" line-rate="1" branch-rate="1" complexity="1">
          <methods>
            <method name=".ctor" signature="(ElevatorControl.Api.Infrastructure.Repositories.IElevatorRepository)" line-rate="1" branch-rate="1" complexity="1">
              <lines>
                <line number="12" hits="5" branch="False" />
                <line number="13" hits="5" branch="False" />
                <line number="14" hits="5" branch="False" />
                <line number="15" hits="5" branch="False" />
              </lines>
            </method>
          </methods>
          <lines>
            <line number="12" hits="5" branch="False" />
            <line number="13" hits="5" branch="False" />
            <line number="14" hits="5" branch="False" />
            <line number="15" hits="5" branch="False" />
          </lines>
        </class>
        <class name="ElevatorControl.Api.Application.Handlers.GetNextFloorQueryHandler/&lt;HandleAsync&gt;d__2" filename="Application\Handlers\GetNextFloorQueryHandler.cs" line-rate="1" branch-rate="1" complexity="2">
          <methods>
            <method name="MoveNext" signature="()" line-rate="1" branch-rate="1" complexity="2">
              <lines>
                <line number="18" hits="5" branch="False" />
                <line number="19" hits="5" branch="False" />
                <line number="20" hits="5" branch="True" condition-coverage="100% (2/2)">
                  <conditions>
                    <condition number="163" type="jump" coverage="100%" />
                  </conditions>
                </line>
                <line number="21" hits="5" branch="False" />
              </lines>
            </method>
          </methods>
          <lines>
            <line number="18" hits="5" branch="False" />
            <line number="19" hits="5" branch="False" />
            <line number="20" hits="5" branch="True" condition-coverage="100% (2/2)">
              <conditions>
                <condition number="163" type="jump" coverage="100%" />
              </conditions>
            </line>
            <line number="21" hits="5" branch="False" />
          </lines>
        </class>
        <class name="ElevatorControl.Api.Application.Handlers.MoveToFloorCommandHandler" filename="Application\Handlers\MoveToFloorCommandHandler.cs" line-rate="1" branch-rate="1" complexity="1">
          <methods>
            <method name=".ctor" signature="(ElevatorControl.Api.Infrastructure.Repositories.IElevatorRepository,Microsoft.Extensions.Logging.ILogger`1&lt;ElevatorControl.Api.Application.Handlers.MoveToFloorCommandHandler&gt;)" line-rate="1" branch-rate="1" complexity="1">
              <lines>
                <line number="12" hits="3" branch="False" />
                <line number="13" hits="3" branch="False" />
                <line number="14" hits="3" branch="False" />
                <line number="15" hits="3" branch="False" />
                <line number="16" hits="3" branch="False" />
              </lines>
            </method>
          </methods>
          <lines>
            <line number="12" hits="3" branch="False" />
            <line number="13" hits="3" branch="False" />
            <line number="14" hits="3" branch="False" />
            <line number="15" hits="3" branch="False" />
            <line number="16" hits="3" branch="False" />
          </lines>
        </class>
        <class name="ElevatorControl.Api.Application.Handlers.MoveToFloorCommandHandler/&lt;HandleAsync&gt;d__3" filename="Application\Handlers\MoveToFloorCommandHandler.cs" line-rate="1" branch-rate="1" complexity="2">
          <methods>
            <method name="MoveNext" signature="()" line-rate="1" branch-rate="1" complexity="2">
              <lines>
                <line number="19" hits="3" branch="False" />
                <line number="20" hits="3" branch="False" />
                <line number="21" hits="4" branch="True" condition-coverage="100% (2/2)">
                  <conditions>
                    <condition number="169" type="jump" coverage="100%" />
                  </conditions>
                </line>
                <line number="23" hits="2" branch="False" />
                <line number="24" hits="2" branch="False" />
                <line number="26" hits="2" branch="False" />
                <line number="27" hits="2" branch="False" />
                <line number="28" hits="3" branch="False" />
              </lines>
            </method>
          </methods>
          <lines>
            <line number="19" hits="3" branch="False" />
            <line number="20" hits="3" branch="False" />
            <line number="21" hits="4" branch="True" condition-coverage="100% (2/2)">
              <conditions>
                <condition number="169" type="jump" coverage="100%" />
              </conditions>
            </line>
            <line number="23" hits="2" branch="False" />
            <line number="24" hits="2" branch="False" />
            <line number="26" hits="2" branch="False" />
            <line number="27" hits="2" branch="False" />
            <line number="28" hits="3" branch="False" />
          </lines>
        </class>
        <class name="ElevatorControl.Api.Application.Services.ElevatorService" filename="Application\ElevatorService.cs" line-rate="1" branch-rate="1" complexity="2">
          <methods>
            <method name="CreateElevatorAsync" signature="()" line-rate="1" branch-rate="1" complexity="1">
              <lines>
                <line number="20" hits="1" branch="False" />
                <line number="21" hits="1" branch="False" />
                <line number="22" hits="1" branch="False" />
              </lines>
            </method>
            <method name=".ctor" signature="(ElevatorControl.Api.Application.Services.IElevatorRepository)" line-rate="1" branch-rate="1" complexity="1">
              <lines>
                <line number="14" hits="12" branch="False" />
                <line number="15" hits="12" branch="False" />
                <line number="16" hits="12" branch="False" />
                <line number="17" hits="12" branch="False" />
              </lines>
            </method>
          </methods>
          <lines>
            <line number="20" hits="1" branch="False" />
            <line number="21" hits="1" branch="False" />
            <line number="22" hits="1" branch="False" />
            <line number="14" hits="12" branch="False" />
            <line number="15" hits="12" branch="False" />
            <line number="16" hits="12" branch="False" />
            <line number="17" hits="12" branch="False" />
          </lines>
        </class>
        <class name="ElevatorControl.Api.Application.Services.ElevatorService/&lt;&gt;c" filename="Application\ElevatorService.cs" line-rate="1" branch-rate="1" complexity="1">
          <methods>
            <method name="&lt;ListAsync&gt;b__3_0" signature="(ElevatorControl.Api.Domain.Entities.Elevator)" line-rate="1" branch-rate="1" complexity="1">
              <lines>
                <line number="27" hits="2" branch="False" />
                <line number="28" hits="2" branch="False" />
                <line number="29" hits="2" branch="False" />
                <line number="30" hits="2" branch="False" />
                <line number="31" hits="2" branch="False" />
                <line number="32" hits="1" branch="False" />
                <line number="33" hits="1" branch="False" />
                <line number="34" hits="2" branch="False" />
              </lines>
            </method>
          </methods>
          <lines>
            <line number="27" hits="2" branch="False" />
            <line number="28" hits="2" branch="False" />
            <line number="29" hits="2" branch="False" />
            <line number="30" hits="2" branch="False" />
            <line number="31" hits="2" branch="False" />
            <line number="32" hits="1" branch="False" />
            <line number="33" hits="1" branch="False" />
            <line number="34" hits="2" branch="False" />
          </lines>
        </class>
        <class name="ElevatorControl.Api.Application.Services.ElevatorService/&lt;AddFloorCallAsync&gt;d__6" filename="Application\ElevatorService.cs" line-rate="1" branch-rate="1" complexity="2">
          <methods>
            <method name="MoveNext" signature="()" line-rate="1" branch-rate="1" complexity="2">
              <lines>
                <line number="56" hits="2" branch="False" />
                <line number="57" hits="2" branch="False" />
                <line number="58" hits="3" branch="True" condition-coverage="100% (2/2)">
                  <conditions>
                    <condition number="164" type="jump" coverage="100%" />
                  </conditions>
                </line>
                <line number="59" hits="1" branch="False" />
                <line number="60" hits="1" branch="False" />
                <line number="61" hits="2" branch="False" />
              </lines>
            </method>
          </methods>
          <lines>
            <line number="56" hits="2" branch="False" />
            <line number="57" hits="2" branch="False" />
            <line number="58" hits="3" branch="True" condition-coverage="100% (2/2)">
              <conditions>
                <condition number="164" type="jump" coverage="100%" />
              </conditions>
            </line>
            <line number="59" hits="1" branch="False" />
            <line number="60" hits="1" branch="False" />
            <line number="61" hits="2" branch="False" />
          </lines>
        </class>
        <class name="ElevatorControl.Api.Application.Services.ElevatorService/&lt;AddFloorDestinationAsync&gt;d__4" filename="Application\ElevatorService.cs" line-rate="1" branch-rate="1" complexity="2">
          <methods>
            <method name="MoveNext" signature="()" line-rate="1" branch-rate="1" complexity="2">
              <lines>
                <line number="38" hits="2" branch="False" />
                <line number="39" hits="2" branch="False" />
                <line number="40" hits="3" branch="True" condition-coverage="100% (2/2)">
                  <conditions>
                    <condition number="164" type="jump" coverage="100%" />
                  </conditions>
                </line>
                <line number="41" hits="1" branch="False" />
                <line number="42" hits="1" branch="False" />
                <line number="43" hits="2" branch="False" />
              </lines>
            </method>
          </methods>
          <lines>
            <line number="38" hits="2" branch="False" />
            <line number="39" hits="2" branch="False" />
            <line number="40" hits="3" branch="True" condition-coverage="100% (2/2)">
              <conditions>
                <condition number="164" type="jump" coverage="100%" />
              </conditions>
            </line>
            <line number="41" hits="1" branch="False" />
            <line number="42" hits="1" branch="False" />
            <line number="43" hits="2" branch="False" />
          </lines>
        </class>
        <class name="ElevatorControl.Api.Application.Services.ElevatorService/&lt;GetFloorDestinationsAsync&gt;d__5" filename="Application\ElevatorService.cs" line-rate="1" branch-rate="1" complexity="2">
          <methods>
            <method name="MoveNext" signature="()" line-rate="1" branch-rate="1" complexity="2">
              <lines>
                <line number="46" hits="2" branch="False" />
                <line number="47" hits="2" branch="False" />
                <line number="48" hits="3" branch="True" condition-coverage="100% (2/2)">
                  <conditions>
                    <condition number="164" type="jump" coverage="100%" />
                  </conditions>
                </line>
                <line number="49" hits="1" branch="False" />
                <line number="50" hits="1" branch="False" />
                <line number="51" hits="1" branch="False" />
                <line number="53" hits="2" branch="False" />
              </lines>
            </method>
          </methods>
          <lines>
            <line number="46" hits="2" branch="False" />
            <line number="47" hits="2" branch="False" />
            <line number="48" hits="3" branch="True" condition-coverage="100% (2/2)">
              <conditions>
                <condition number="164" type="jump" coverage="100%" />
              </conditions>
            </line>
            <line number="49" hits="1" branch="False" />
            <line number="50" hits="1" branch="False" />
            <line number="51" hits="1" branch="False" />
            <line number="53" hits="2" branch="False" />
          </lines>
        </class>
        <class name="ElevatorControl.Api.Application.Services.ElevatorService/&lt;GetNextFloorAsync&gt;d__7" filename="Application\ElevatorService.cs" line-rate="1" branch-rate="1" complexity="2">
          <methods>
            <method name="MoveNext" signature="()" line-rate="1" branch-rate="1" complexity="2">
              <lines>
                <line number="64" hits="2" branch="False" />
                <line number="65" hits="2" branch="False" />
                <line number="66" hits="3" branch="True" condition-coverage="100% (2/2)">
                  <conditions>
                    <condition number="164" type="jump" coverage="100%" />
                  </conditions>
                </line>
                <line number="67" hits="1" branch="False" />
                <line number="68" hits="2" branch="False" />
              </lines>
            </method>
          </methods>
          <lines>
            <line number="64" hits="2" branch="False" />
            <line number="65" hits="2" branch="False" />
            <line number="66" hits="3" branch="True" condition-coverage="100% (2/2)">
              <conditions>
                <condition number="164" type="jump" coverage="100%" />
              </conditions>
            </line>
            <line number="67" hits="1" branch="False" />
            <line number="68" hits="2" branch="False" />
          </lines>
        </class>
        <class name="ElevatorControl.Api.Application.Services.ElevatorService/&lt;ListAsync&gt;d__3" filename="Application\ElevatorService.cs" line-rate="1" branch-rate="1" complexity="1">
          <methods>
            <method name="MoveNext" signature="()" line-rate="1" branch-rate="1" complexity="1">
              <lines>
                <line number="25" hits="1" branch="False" />
                <line number="26" hits="1" branch="False" />
                <line number="35" hits="1" branch="False" />
              </lines>
            </method>
          </methods>
          <lines>
            <line number="25" hits="1" branch="False" />
            <line number="26" hits="1" branch="False" />
            <line number="35" hits="1" branch="False" />
          </lines>
        </class>
        <class name="ElevatorControl.Api.Application.Services.ElevatorService/&lt;MoveToFloorAsync&gt;d__8" filename="Application\ElevatorService.cs" line-rate="1" branch-rate="1" complexity="2">
          <methods>
            <method name="MoveNext" signature="()" line-rate="1" branch-rate="1" complexity="2">
              <lines>
                <line number="71" hits="2" branch="False" />
                <line number="72" hits="2" branch="False" />
                <line number="73" hits="3" branch="True" condition-coverage="100% (2/2)">
                  <conditions>
                    <condition number="162" type="jump" coverage="100%" />
                  </conditions>
                </line>
                <line number="74" hits="1" branch="False" />
                <line number="75" hits="2" branch="False" />
              </lines>
            </method>
          </methods>
          <lines>
            <line number="71" hits="2" branch="False" />
            <line number="72" hits="2" branch="False" />
            <line number="73" hits="3" branch="True" condition-coverage="100% (2/2)">
              <conditions>
                <condition number="162" type="jump" coverage="100%" />
              </conditions>
            </line>
            <line number="74" hits="1" branch="False" />
            <line number="75" hits="2" branch="False" />
          </lines>
        </class>
        <class name="ElevatorControl.Api.Application.Services.ElevatorRepository" filename="Application\Services\ElevatorRepository.cs" line-rate="1" branch-rate="1" complexity="4">
          <methods>
            <method name="GetByIdAsync" signature="(System.Int32)" line-rate="1" branch-rate="1" complexity="1">
              <lines>
                <line number="25" hits="3" branch="False" />
                <line number="26" hits="3" branch="False" />
                <line number="27" hits="3" branch="False" />
                <line number="28" hits="3" branch="False" />
              </lines>
            </method>
            <method name="GetAllAsync" signature="()" line-rate="1" branch-rate="1" complexity="1">
              <lines>
                <line number="31" hits="4" branch="False" />
                <line number="32" hits="4" branch="False" />
                <line number="33" hits="4" branch="False" />
              </lines>
            </method>
            <method name="CreateAsync" signature="()" line-rate="1" branch-rate="1" complexity="1">
              <lines>
                <line number="36" hits="20" branch="False" />
                <line number="37" hits="20" branch="False" />
                <line number="38" hits="20" branch="False" />
                <line number="39" hits="20" branch="False" />
                <line number="40" hits="20" branch="False" />
                <line number="41" hits="20" branch="False" />
                <line number="42" hits="20" branch="False" />
                <line number="43" hits="20" branch="False" />
                <line number="44" hits="20" branch="False" />
                <line number="45" hits="20" branch="False" />
              </lines>
            </method>
            <method name=".ctor" signature="()" line-rate="1" branch-rate="1" complexity="1">
              <lines>
                <line number="16" hits="9" branch="False" />
                <line number="18" hits="9" branch="False" />
                <line number="19" hits="9" branch="False" />
                <line number="21" hits="9" branch="False" />
                <line number="22" hits="9" branch="False" />
              </lines>
            </method>
          </methods>
          <lines>
            <line number="25" hits="3" branch="False" />
            <line number="26" hits="3" branch="False" />
            <line number="27" hits="3" branch="False" />
            <line number="28" hits="3" branch="False" />
            <line number="31" hits="4" branch="False" />
            <line number="32" hits="4" branch="False" />
            <line number="33" hits="4" branch="False" />
            <line number="36" hits="20" branch="False" />
            <line number="37" hits="20" branch="False" />
            <line number="38" hits="20" branch="False" />
            <line number="39" hits="20" branch="False" />
            <line number="40" hits="20" branch="False" />
            <line number="41" hits="20" branch="False" />
            <line number="42" hits="20" branch="False" />
            <line number="43" hits="20" branch="False" />
            <line number="44" hits="20" branch="False" />
            <line number="45" hits="20" branch="False" />
            <line number="16" hits="9" branch="False" />
            <line number="18" hits="9" branch="False" />
            <line number="19" hits="9" branch="False" />
            <line number="21" hits="9" branch="False" />
            <line number="22" hits="9" branch="False" />
          </lines>
        </class>
        <class name="ElevatorControl.Api.Application.DTOs.CreateElevatorResultDto" filename="Application\DTOs\CreateElevatorResultDto.cs" line-rate="1" branch-rate="1" complexity="1">
          <methods>
            <method name="get_Id" signature="()" line-rate="1" branch-rate="1" complexity="1">
              <lines>
                <line number="3" hits="4" branch="False" />
              </lines>
            </method>
          </methods>
          <lines>
            <line number="3" hits="4" branch="False" />
          </lines>
        </class>
        <class name="ElevatorControl.Api.Application.DTOs.ElevatorDto" filename="Application\DTOs\ElevatorDto.cs" line-rate="1" branch-rate="1" complexity="6">
          <methods>
            <method name="get_Id" signature="()" line-rate="1" branch-rate="1" complexity="1">
              <lines>
                <line number="4" hits="7" branch="False" />
              </lines>
            </method>
            <method name="get_CurrentFloor" signature="()" line-rate="1" branch-rate="1" complexity="1">
              <lines>
                <line number="5" hits="4" branch="False" />
              </lines>
            </method>
            <method name="get_CurrentDirection" signature="()" line-rate="1" branch-rate="1" complexity="1">
              <lines>
                <line number="6" hits="2" branch="False" />
              </lines>
            </method>
            <method name="get_FloorRequests" signature="()" line-rate="1" branch-rate="1" complexity="1">
              <lines>
                <line number="7" hits="5" branch="False" />
              </lines>
            </method>
            <method name="get_FloorCalls" signature="()" line-rate="1" branch-rate="1" complexity="1">
              <lines>
                <line number="8" hits="6" branch="False" />
              </lines>
            </method>
            <method name=".ctor" signature="(System.Int32,System.Int32,System.Int32,ElevatorControl.Api.Application.DTOs.FloorRequestDto[],ElevatorControl.Api.Application.DTOs.FloorCallDto[])" line-rate="1" branch-rate="1" complexity="1">
              <lines>
                <line number="3" hits="9" branch="False" />
                <line number="9" hits="9" branch="False" />
              </lines>
            </method>
          </methods>
          <lines>
            <line number="4" hits="7" branch="False" />
            <line number="5" hits="4" branch="False" />
            <line number="6" hits="2" branch="False" />
            <line number="7" hits="5" branch="False" />
            <line number="8" hits="6" branch="False" />
            <line number="3" hits="9" branch="False" />
            <line number="9" hits="9" branch="False" />
          </lines>
        </class>
        <class name="ElevatorControl.Api.Application.DTOs.FloorCallDto" filename="Application\DTOs\FloorCallDto.cs" line-rate="1" branch-rate="1" complexity="1">
          <methods>
            <method name="get_Floor" signature="()" line-rate="1" branch-rate="1" complexity="1">
              <lines>
                <line number="3" hits="14" branch="False" />
              </lines>
            </method>
          </methods>
          <lines>
            <line number="3" hits="14" branch="False" />
          </lines>
        </class>
        <class name="ElevatorControl.Api.Application.DTOs.FloorRequestDto" filename="Application\DTOs\FloorRequestDto.cs" line-rate="1" branch-rate="1" complexity="1">
          <methods>
            <method name="get_Floor" signature="()" line-rate="1" branch-rate="1" complexity="1">
              <lines>
                <line number="3" hits="9" branch="False" />
              </lines>
            </method>
          </methods>
          <lines>
            <line number="3" hits="9" branch="False" />
          </lines>
        </class>
        <class name="ElevatorControl.Api.Application.Commands.AddFloorCallCommand" filename="Application\Commands\AddFloorCallCommand.cs" line-rate="1" branch-rate="1" complexity="1">
          <methods>
            <method name="get_ElevatorId" signature="()" line-rate="1" branch-rate="1" complexity="1">
              <lines>
                <line number="5" hits="24" branch="False" />
              </lines>
            </method>
          </methods>
          <lines>
            <line number="5" hits="24" branch="False" />
          </lines>
        </class>
        <class name="ElevatorControl.Api.Application.Commands.AddFloorDestinationCommand" filename="Application\Commands\AddFloorDestinationCommand.cs" line-rate="1" branch-rate="1" complexity="1">
          <methods>
            <method name="get_ElevatorId" signature="()" line-rate="1" branch-rate="1" complexity="1">
              <lines>
                <line number="3" hits="12" branch="False" />
              </lines>
            </method>
          </methods>
          <lines>
            <line number="3" hits="12" branch="False" />
          </lines>
        </class>
        <class name="ElevatorControl.Api.Application.Commands.MoveToFloorCommand" filename="Application\Commands\MoveToFloorCommand.cs" line-rate="1" branch-rate="1" complexity="1">
          <methods>
            <method name="get_ElevatorId" signature="()" line-rate="1" branch-rate="1" complexity="1">
              <lines>
                <line number="3" hits="12" branch="False" />
              </lines>
            </method>
          </methods>
          <lines>
            <line number="3" hits="12" branch="False" />
          </lines>
        </class>
      </classes>
    </package>
  </packages>
</coverage>